<?xml version="1.0" encoding="UTF-8"?>
<!-- Generated by org.testng.reporters.JUnitReportReporter -->
<testsuite hostname="6BBWN93" failures="0" tests="1" name="runner.Testrunner" time="41.732" errors="0" timestamp="2023-02-20T11:09:30 IST" skipped="0">
  <testcase classname="runner.Testrunner" name="runScenario" time="41.732"/>
  <system-out/>
</testsuite> <!-- runner.Testrunner -->
